This is pdfTeX, Version 3.141592653-2.6-1.40.22 (TeX Live 2022/dev/Debian) (preloaded format=pdflatex 2024.3.14)  1 APR 2024 11:47
entering extended mode
 restricted \write18 enabled.
 file:line:error style messages enabled.
 %&-line parsing enabled.
**tools.tex
(./tools.tex
LaTeX2e <2021-11-15> patch level 1
L3 programming layer <2022-01-21>

./tools.tex:1: LaTeX Error: Command \subsection undefined.

See the LaTeX manual or LaTeX Companion for explanation.
Type  H <return>  for immediate help.
 ...                                              
                                                  
l.1 \renewcommand{\subsection}
                              [1]{
? 
./tools.tex:1: Emergency stop.
 ...                                              
                                                  
l.1 \renewcommand{\subsection}
                              [1]{
Try typing  <return>  to proceed.
If that doesn't work, type  X <return>  to quit.

 
Here is how much of TeX's memory you used:
 18 strings out of 480204
 538 string characters out of 5895010
 284111 words of memory out of 5000000
 18068 multiletter control sequences out of 15000+600000
 469259 words of font info for 28 fonts, out of 8000000 for 9000
 36 hyphenation exceptions out of 8191
 13i,0n,12p,71b,14s stack positions out of 5000i,500n,10000p,200000b,80000s
./tools.tex:1:  ==> Fatal error occurred, no output PDF file produced!
